[debug] [2021-12-17T03:58:18.856Z] ----------------------------------------------------------------------
[debug] [2021-12-17T03:58:18.858Z] Command:       C:\Program Files\nodejs\node.exe C:\Users\prisc\AppData\Roaming\npm\node_modules\firebase-tools\lib\bin\firebase.js init
[debug] [2021-12-17T03:58:18.858Z] CLI Version:   9.23.1
[debug] [2021-12-17T03:58:18.859Z] Platform:      win32
[debug] [2021-12-17T03:58:18.859Z] Node Version:  v16.4.2
[debug] [2021-12-17T03:58:18.859Z] Time:          Thu Dec 16 2021 23:58:18 GMT-0400 (heure normale de l’Atlantique)
[debug] [2021-12-17T03:58:18.860Z] ----------------------------------------------------------------------
[debug] 
[debug] [2021-12-17T03:58:18.862Z] >>> [apiv2][query] GET https://firebase-public.firebaseio.com/cli.json [none]
[debug] [2021-12-17T03:58:18.924Z] > command requires scopes: ["email","openid","https://www.googleapis.com/auth/cloudplatformprojects.readonly","https://www.googleapis.com/auth/firebase","https://www.googleapis.com/auth/cloud-platform"]
[debug] [2021-12-17T03:58:18.924Z] > authorizing via signed-in user (priscillia.hillion@gmail.com)
[info] 
     ######## #### ########  ######## ########     ###     ######  ########
     ##        ##  ##     ## ##       ##     ##  ##   ##  ##       ##
     ######    ##  ########  ######   ########  #########  ######  ######
     ##        ##  ##    ##  ##       ##     ## ##     ##       ## ##
     ##       #### ##     ## ######## ########  ##     ##  ######  ########

You're about to initialize a Firebase project in this directory:

  C:\Users\prisc\Desktop\projets\react-native\ok

Before we get started, keep in mind:

  * You are initializing within an existing Firebase project directory

[debug] [2021-12-17T03:58:19.369Z] <<< [apiv2][status] GET https://firebase-public.firebaseio.com/cli.json 200
[debug] [2021-12-17T03:58:19.370Z] <<< [apiv2][body] GET https://firebase-public.firebaseio.com/cli.json {"cloudBuildErrorAfter":1594252800000,"cloudBuildWarnAfter":1590019200000,"defaultNode10After":1594252800000,"minVersion":"3.0.5","node8DeploysDisabledAfter":1613390400000,"node8RuntimeDisabledAfter":1615809600000,"node8WarnAfter":1600128000000}
